0 verbose cli /usr/local/bin/node /usr/local/bin/npm
1 info using npm@8.11.0
2 info using node@v16.16.0
3 timing npm:load:whichnode Completed in 0ms
4 timing config:load:defaults Completed in 3ms
5 timing config:load:file:/usr/local/lib/node_modules/npm/npmrc Completed in 2ms
6 timing config:load:builtin Completed in 2ms
7 warn config production Use `--omit=dev` instead.
8 timing config:load:cli Completed in 4ms
9 timing config:load:env Completed in 1ms
10 timing config:load:file:/data/.npmrc Completed in 0ms
11 timing config:load:project Completed in 7ms
12 timing config:load:file:/usr/src/node-red/.npmrc Completed in 1ms
13 timing config:load:user Completed in 1ms
14 timing config:load:file:/usr/local/etc/npmrc Completed in 2ms
15 timing config:load:global Completed in 2ms
16 timing config:load:validate Completed in 1ms
17 timing config:load:credentials Completed in 1ms
18 timing config:load:setEnvs Completed in 1ms
19 timing config:load Completed in 24ms
20 timing npm:load:configload Completed in 25ms
21 timing npm:load:mkdirpcache Completed in 7ms
22 timing npm:load:mkdirplogs Completed in 12ms
23 verbose title npm install node-red-contrib-re-postgres@0.3.4
24 verbose argv "install" "--no-audit" "--no-update-notifier" "--no-fund" "--save" "--save-prefix" "~" "--production" "--engine-strict" "node-red-contrib-re-postgres@0.3.4"
25 timing npm:load:setTitle Completed in 3ms
26 timing config:load:flatten Completed in 4ms
27 timing npm:load:display Completed in 7ms
28 verbose logfile logs-max:10 dir:/data/.npm/_logs
29 verbose logfile /data/.npm/_logs/2024-02-07T01_32_43_681Z-debug-0.log
30 timing npm:load:logFile Completed in 31ms
31 timing npm:load:timers Completed in 0ms
32 timing npm:load:configScope Completed in 0ms
33 timing npm:load Completed in 86ms
34 timing arborist:ctor Completed in 1ms
35 silly logfile start cleaning logs, removing 2 files
36 silly logfile done cleaning log files
37 timing idealTree:init Completed in 403ms
38 timing idealTree:userRequests Completed in 2ms
39 silly idealTree buildDeps
40 silly fetch manifest node-red-contrib-re-postgres@0.3.4
41 timing arborist:ctor Completed in 0ms
42 http fetch GET 200 https://registry.npmjs.org/node-red-contrib-re-postgres 1991ms (cache revalidated)
43 silly placeDep ROOT node-red-contrib-re-postgres@0.3.4 OK for: node-red-project@0.0.1 want: 0.3.4
44 silly fetch manifest node-postgres-named@^2.4.1
45 http fetch GET 200 https://registry.npmjs.org/node-postgres-named 346ms (cache revalidated)
46 timing idealTree:#root Completed in 2352ms
47 silly placeDep ROOT node-postgres-named@2.4.1 OK for: node-red-contrib-re-postgres@0.3.4 want: ^2.4.1
48 timing idealTree:node_modules/node-red-contrib-re-postgres Completed in 2ms
49 timing idealTree:node_modules/node-postgres-named Completed in 0ms
50 timing idealTree:buildDeps Completed in 2358ms
51 timing idealTree:fixDepFlags Completed in 18ms
52 timing idealTree Completed in 2795ms
53 timing reify:loadTrees Completed in 2796ms
54 timing reify:diffTrees Completed in 186ms
55 silly reify moves {}
56 timing reify:retireShallow Completed in 1ms
57 timing reify:createSparse Completed in 12ms
58 timing reify:trashOmits Completed in 1ms
59 timing reify:loadBundles Completed in 0ms
60 verbose reify failed optional dependency /data/node_modules/fsevents
61 silly reify mark deleted [ '/data/node_modules/fsevents' ]
62 timing reifyNode:node_modules/fsevents Completed in 6ms
63 silly tarball no local data for node-red-contrib-re-postgres@https://registry.npmjs.org/node-red-contrib-re-postgres/-/node-red-contrib-re-postgres-0.3.4.tgz. Extracting by manifest.
64 timing reifyNode:node_modules/node-postgres-named Completed in 100ms
65 http fetch GET 200 https://registry.npmjs.org/node-red-contrib-re-postgres/-/node-red-contrib-re-postgres-0.3.4.tgz 869ms (cache miss)
66 timing reifyNode:node_modules/node-red-contrib-re-postgres Completed in 901ms
67 timing reify:unpack Completed in 902ms
68 timing reify:unretire Completed in 0ms
69 timing build:queue Completed in 6ms
70 timing build:deps Completed in 8ms
71 timing build Completed in 8ms
72 timing reify:build Completed in 9ms
73 timing reify:trash Completed in 7ms
74 timing reify:save Completed in 151ms
75 timing reify Completed in 4157ms
76 silly ADD node_modules/node-postgres-named
77 silly ADD node_modules/node-red-contrib-re-postgres
78 silly ADD
79 timing command:install Completed in 4164ms
80 verbose exit 0
81 timing npm Completed in 4411ms
82 info ok
