0 verbose cli /usr/local/bin/node /usr/local/bin/npm
1 info using npm@8.11.0
2 info using node@v16.16.0
3 timing npm:load:whichnode Completed in 0ms
4 timing config:load:defaults Completed in 5ms
5 timing config:load:file:/usr/local/lib/node_modules/npm/npmrc Completed in 1ms
6 timing config:load:builtin Completed in 1ms
7 warn config production Use `--omit=dev` instead.
8 timing config:load:cli Completed in 4ms
9 timing config:load:env Completed in 0ms
10 timing config:load:file:/data/.npmrc Completed in 1ms
11 timing config:load:project Completed in 12ms
12 timing config:load:file:/usr/src/node-red/.npmrc Completed in 1ms
13 timing config:load:user Completed in 1ms
14 timing config:load:file:/usr/local/etc/npmrc Completed in 3ms
15 timing config:load:global Completed in 3ms
16 timing config:load:validate Completed in 1ms
17 timing config:load:credentials Completed in 1ms
18 timing config:load:setEnvs Completed in 1ms
19 timing config:load Completed in 32ms
20 timing npm:load:configload Completed in 33ms
21 timing npm:load:mkdirpcache Completed in 10ms
22 timing npm:load:mkdirplogs Completed in 15ms
23 verbose title npm install node-red-contrib-postgresql@0.14.0
24 verbose argv "install" "--no-audit" "--no-update-notifier" "--no-fund" "--save" "--save-prefix" "~" "--production" "--engine-strict" "node-red-contrib-postgresql@0.14.0"
25 timing npm:load:setTitle Completed in 3ms
26 timing config:load:flatten Completed in 6ms
27 timing npm:load:display Completed in 9ms
28 verbose logfile logs-max:10 dir:/data/.npm/_logs
29 verbose logfile /data/.npm/_logs/2024-02-06T15_44_48_774Z-debug-0.log
30 timing npm:load:logFile Completed in 40ms
31 timing npm:load:timers Completed in 1ms
32 timing npm:load:configScope Completed in 0ms
33 timing npm:load Completed in 115ms
34 timing arborist:ctor Completed in 1ms
35 silly logfile start cleaning logs, removing 1 files
36 silly logfile done cleaning log files
37 timing idealTree:init Completed in 374ms
38 timing idealTree:userRequests Completed in 2ms
39 silly idealTree buildDeps
40 silly fetch manifest node-red-contrib-postgresql@0.14.0
41 timing arborist:ctor Completed in 1ms
42 http fetch GET 200 https://registry.npmjs.org/node-red-contrib-postgresql 1513ms (cache updated)
43 silly placeDep ROOT node-red-contrib-postgresql@0.14.0 OK for: node-red-project@0.0.1 want: 0.14.0
44 silly fetch manifest mustache@^4.2.0
45 silly fetch manifest pg@^8.11.3
46 silly fetch manifest pg-cursor@^2.10.3
47 http fetch GET 200 https://registry.npmjs.org/mustache 187ms (cache revalidated)
48 http fetch GET 200 https://registry.npmjs.org/pg 359ms (cache updated)
49 http fetch GET 200 https://registry.npmjs.org/pg-cursor 824ms (cache updated)
50 timing idealTree:#root Completed in 2355ms
51 silly fetch manifest pg-native@>=3.0.1
52 http fetch GET 200 https://registry.npmjs.org/pg-native 859ms (cache revalidated)
53 silly placeDep ROOT mustache@4.2.0 OK for: node-red-contrib-postgresql@0.14.0 want: ^4.2.0
54 silly placeDep ROOT pg@8.11.3 OK for: node-red-contrib-postgresql@0.14.0 want: ^8.11.3
55 silly placeDep ROOT pg-cursor@2.10.3 OK for: node-red-contrib-postgresql@0.14.0 want: ^2.10.3
56 silly fetch manifest buffer-writer@2.0.0
57 silly fetch manifest packet-reader@1.0.0
58 silly fetch manifest pg-connection-string@^2.6.2
59 silly fetch manifest pg-pool@^3.6.1
60 silly fetch manifest pg-protocol@^1.6.0
61 silly fetch manifest pg-types@^2.1.0
62 silly fetch manifest pgpass@1.x
63 silly fetch manifest pg-cloudflare@^1.1.1
64 http fetch GET 200 https://registry.npmjs.org/pg-protocol 206ms (cache revalidated)
65 http fetch GET 200 https://registry.npmjs.org/pg-pool 324ms (cache updated)
66 http fetch GET 200 https://registry.npmjs.org/pg-cloudflare 332ms (cache miss)
67 http fetch GET 200 https://registry.npmjs.org/pg-types 343ms (cache updated)
68 http fetch GET 200 https://registry.npmjs.org/pg-connection-string 567ms (cache updated)
69 http fetch GET 200 https://registry.npmjs.org/buffer-writer 1028ms (cache revalidated)
70 http fetch GET 200 https://registry.npmjs.org/packet-reader 1060ms (cache revalidated)
71 http fetch GET 200 https://registry.npmjs.org/pgpass 1063ms (cache revalidated)
72 timing idealTree:node_modules/node-red-contrib-postgresql Completed in 1939ms
73 timing idealTree:node_modules/mustache Completed in 0ms
74 silly fetch manifest pg@>=8.0
75 silly placeDep ROOT buffer-writer@2.0.0 OK for: pg@8.11.3 want: 2.0.0
76 silly placeDep ROOT packet-reader@1.0.0 OK for: pg@8.11.3 want: 1.0.0
77 silly placeDep ROOT pg-cloudflare@1.1.1 OK for: pg@8.11.3 want: ^1.1.1
78 silly placeDep ROOT pg-connection-string@2.6.2 OK for: pg@8.11.3 want: ^2.6.2
79 silly placeDep ROOT pg-pool@3.6.1 OK for: pg@8.11.3 want: ^3.6.1
80 silly placeDep ROOT pg-protocol@1.6.0 OK for: pg@8.11.3 want: ^1.6.0
81 silly placeDep ROOT pg-types@2.2.0 OK for: pg@8.11.3 want: ^2.1.0
82 silly placeDep ROOT pgpass@1.0.5 OK for: pg@8.11.3 want: 1.x
83 silly fetch manifest pg-int8@1.0.1
84 silly fetch manifest postgres-array@~2.0.0
85 silly fetch manifest postgres-bytea@~1.0.0
86 silly fetch manifest postgres-date@~1.0.4
87 silly fetch manifest postgres-interval@^1.1.0
88 silly fetch manifest split2@^4.1.0
89 http fetch GET 200 https://registry.npmjs.org/pg-int8 244ms (cache revalidated)
90 http fetch GET 200 https://registry.npmjs.org/postgres-bytea 250ms (cache revalidated)
91 http fetch GET 200 https://registry.npmjs.org/postgres-array 264ms (cache revalidated)
92 http fetch GET 200 https://registry.npmjs.org/postgres-date 265ms (cache revalidated)
93 http fetch GET 200 https://registry.npmjs.org/split2 326ms (cache updated)
94 http fetch GET 200 https://registry.npmjs.org/postgres-interval 1029ms (cache updated)
95 timing idealTree:node_modules/pg Completed in 1062ms
96 timing idealTree:node_modules/buffer-writer Completed in 0ms
97 timing idealTree:node_modules/packet-reader Completed in 0ms
98 timing idealTree:node_modules/pg-cloudflare Completed in 0ms
99 timing idealTree:node_modules/pg-connection-string Completed in 0ms
100 timing idealTree:node_modules/pg-cursor Completed in 0ms
101 timing idealTree:node_modules/pg-pool Completed in 0ms
102 timing idealTree:node_modules/pg-protocol Completed in 0ms
103 silly placeDep ROOT pg-int8@1.0.1 OK for: pg-types@2.2.0 want: 1.0.1
104 silly placeDep ROOT postgres-array@2.0.0 OK for: pg-types@2.2.0 want: ~2.0.0
105 silly placeDep ROOT postgres-bytea@1.0.0 OK for: pg-types@2.2.0 want: ~1.0.0
106 silly placeDep ROOT postgres-date@1.0.7 OK for: pg-types@2.2.0 want: ~1.0.4
107 silly placeDep ROOT postgres-interval@1.2.0 OK for: pg-types@2.2.0 want: ^1.1.0
108 silly fetch manifest xtend@^4.0.0
109 http fetch GET 200 https://registry.npmjs.org/xtend 246ms (cache updated)
110 timing idealTree:node_modules/pg-types Completed in 257ms
111 timing idealTree:node_modules/pg-int8 Completed in 0ms
112 silly placeDep ROOT split2@4.2.0 OK for: pgpass@1.0.5 want: ^4.1.0
113 timing idealTree:node_modules/pgpass Completed in 2ms
114 timing idealTree:node_modules/postgres-array Completed in 0ms
115 timing idealTree:node_modules/postgres-bytea Completed in 0ms
116 timing idealTree:node_modules/postgres-date Completed in 0ms
117 silly placeDep ROOT xtend@4.0.2 OK for: postgres-interval@1.2.0 want: ^4.0.0
118 timing idealTree:node_modules/postgres-interval Completed in 2ms
119 timing idealTree:node_modules/split2 Completed in 0ms
120 timing idealTree:node_modules/xtend Completed in 0ms
121 timing idealTree:buildDeps Completed in 5632ms
122 timing idealTree:fixDepFlags Completed in 17ms
123 timing idealTree Completed in 6035ms
124 timing reify:loadTrees Completed in 6036ms
125 timing reify:diffTrees Completed in 107ms
126 silly reify moves {}
127 timing reify:retireShallow Completed in 2ms
128 timing reify:createSparse Completed in 63ms
129 timing reify:trashOmits Completed in 1ms
130 timing reify:loadBundles Completed in 0ms
131 verbose reify failed optional dependency /data/node_modules/fsevents
132 silly reify mark deleted [ '/data/node_modules/fsevents' ]
133 timing reifyNode:node_modules/fsevents Completed in 13ms
134 silly tarball no local data for split2@https://registry.npmjs.org/split2/-/split2-4.2.0.tgz. Extracting by manifest.
135 silly tarball no local data for pg-connection-string@https://registry.npmjs.org/pg-connection-string/-/pg-connection-string-2.6.2.tgz. Extracting by manifest.
136 silly tarball no local data for pg-pool@https://registry.npmjs.org/pg-pool/-/pg-pool-3.6.1.tgz. Extracting by manifest.
137 silly tarball no local data for pg-cloudflare@https://registry.npmjs.org/pg-cloudflare/-/pg-cloudflare-1.1.1.tgz. Extracting by manifest.
138 silly tarball no local data for pg-cursor@https://registry.npmjs.org/pg-cursor/-/pg-cursor-2.10.3.tgz. Extracting by manifest.
139 silly tarball no local data for node-red-contrib-postgresql@https://registry.npmjs.org/node-red-contrib-postgresql/-/node-red-contrib-postgresql-0.14.0.tgz. Extracting by manifest.
140 silly tarball no local data for pg@https://registry.npmjs.org/pg/-/pg-8.11.3.tgz. Extracting by manifest.
141 timing reifyNode:node_modules/postgres-date Completed in 492ms
142 timing reifyNode:node_modules/postgres-bytea Completed in 498ms
143 timing reifyNode:node_modules/pg-int8 Completed in 524ms
144 timing reifyNode:node_modules/pgpass Completed in 545ms
145 timing reifyNode:node_modules/postgres-array Completed in 549ms
146 timing reifyNode:node_modules/postgres-interval Completed in 553ms
147 timing reifyNode:node_modules/packet-reader Completed in 593ms
148 timing reifyNode:node_modules/xtend Completed in 629ms
149 timing reifyNode:node_modules/buffer-writer Completed in 689ms
150 http fetch GET 200 https://registry.npmjs.org/pg-connection-string/-/pg-connection-string-2.6.2.tgz 849ms (cache miss)
151 timing reifyNode:node_modules/pg-connection-string Completed in 969ms
152 timing reifyNode:node_modules/pg-types Completed in 971ms
153 http fetch GET 200 https://registry.npmjs.org/split2/-/split2-4.2.0.tgz 883ms (cache miss)
154 timing reifyNode:node_modules/split2 Completed in 991ms
155 http fetch GET 200 https://registry.npmjs.org/pg-cursor/-/pg-cursor-2.10.3.tgz 866ms (cache miss)
156 http fetch GET 200 https://registry.npmjs.org/pg-cloudflare/-/pg-cloudflare-1.1.1.tgz 882ms (cache miss)
157 timing reifyNode:node_modules/pg-cursor Completed in 1015ms
158 timing reifyNode:node_modules/pg-cloudflare Completed in 1017ms
159 http fetch GET 200 https://registry.npmjs.org/pg/-/pg-8.11.3.tgz 1187ms (cache miss)
160 timing reifyNode:node_modules/pg Completed in 1334ms
161 timing reifyNode:node_modules/mustache Completed in 1346ms
162 http fetch GET 200 https://registry.npmjs.org/pg-pool/-/pg-pool-3.6.1.tgz 1284ms (cache miss)
163 timing reifyNode:node_modules/pg-pool Completed in 1409ms
164 timing reifyNode:node_modules/pg-protocol Completed in 1475ms
165 http fetch GET 200 https://registry.npmjs.org/node-red-contrib-postgresql/-/node-red-contrib-postgresql-0.14.0.tgz 1480ms (cache miss)
166 timing reifyNode:node_modules/node-red-contrib-postgresql Completed in 1620ms
167 timing reify:unpack Completed in 1624ms
168 timing reify:unretire Completed in 0ms
169 timing build:queue Completed in 52ms
170 timing build:link:node_modules/mustache Completed in 50ms
171 timing build:link Completed in 51ms
172 timing build:deps Completed in 105ms
173 timing build Completed in 105ms
174 timing reify:build Completed in 107ms
175 timing reify:trash Completed in 11ms
176 timing reify:save Completed in 215ms
177 timing reify Completed in 8271ms
178 silly ADD node_modules/xtend
179 silly ADD node_modules/split2
180 silly ADD node_modules/postgres-interval
181 silly ADD node_modules/postgres-date
182 silly ADD node_modules/postgres-bytea
183 silly ADD node_modules/postgres-array
184 silly ADD node_modules/pg-int8
185 silly ADD node_modules/pgpass
186 silly ADD node_modules/pg-types
187 silly ADD node_modules/pg-protocol
188 silly ADD node_modules/pg-pool
189 silly ADD node_modules/pg-connection-string
190 silly ADD node_modules/pg-cloudflare
191 silly ADD node_modules/packet-reader
192 silly ADD node_modules/buffer-writer
193 silly ADD node_modules/pg-cursor
194 silly ADD node_modules/pg
195 silly ADD node_modules/mustache
196 silly ADD node_modules/node-red-contrib-postgresql
197 silly ADD
198 timing command:install Completed in 8287ms
199 verbose exit 0
200 timing npm Completed in 8500ms
201 info ok
